{
"contracts/Raffle.sol":{"l":{"57":3,"58":3,"59":3,"60":3,"61":3,"65":15,"66":1,"68":14,"69":1,"71":13,"72":13,"78":14,"79":14,"80":14,"81":14,"82":14,"83":14,"87":10,"88":10,"89":10,"90":1,"96":9,"98":9,"110":9,"111":9,"112":9,"117":9,"124":2,"125":2,"126":2,"127":2,"133":5,"134":3,"135":3,"139":0,"140":0,"142":0,"145":0,"146":0,"147":0,"148":0,"149":0,"151":0,"152":0,"154":0,"158":3,"163":0,"167":0,"171":1,"175":0,"179":17,"183":17,"187":0},"path":"/home/dev_sadisatsowala/Web3.0-Patrick/hardhat-lottery/contracts/Raffle.sol","s":{"1":15,"2":14,"3":13,"4":13,"5":14,"6":14,"7":14,"8":14,"9":14,"10":10,"11":10,"12":10,"13":9,"14":9,"15":9,"16":2,"17":2,"18":5,"19":3,"20":3,"21":0,"22":0,"23":0,"24":0,"25":0,"26":3,"27":0,"28":0,"29":1,"30":0,"31":17,"32":17,"33":0},"b":{"1":[1,14],"2":[1,13],"3":[1,9],"4":[2,0],"5":[3,2],"6":[0,0],"7":[0,0],"8":[0,0]},"f":{"1":3,"2":15,"3":14,"4":10,"5":2,"6":5,"7":0,"8":3,"9":0,"10":0,"11":1,"12":0,"13":17,"14":17,"15":0},"fnMap":{"1":{"name":"constructor","line":56,"loc":{"start":{"line":51,"column":4},"end":{"line":62,"column":4}}},"2":{"name":"enterRaffle","line":64,"loc":{"start":{"line":64,"column":4},"end":{"line":73,"column":4}}},"3":{"name":"checkUpkeep","line":75,"loc":{"start":{"line":75,"column":4},"end":{"line":84,"column":4}}},"4":{"name":"performUpkeep","line":86,"loc":{"start":{"line":86,"column":4},"end":{"line":118,"column":4}}},"5":{"name":"fulfillRandomWords","line":120,"loc":{"start":{"line":120,"column":4},"end":{"line":128,"column":4}}},"6":{"name":"getRequestStatus","line":130,"loc":{"start":{"line":130,"column":4},"end":{"line":136,"column":4}}},"7":{"name":"payLatestWinner","line":138,"loc":{"start":{"line":138,"column":4},"end":{"line":155,"column":4}}},"8":{"name":"getRaffleState","line":157,"loc":{"start":{"line":157,"column":4},"end":{"line":159,"column":4}}},"9":{"name":"getRequestConfirmations","line":162,"loc":{"start":{"line":162,"column":4},"end":{"line":164,"column":4}}},"10":{"name":"getRecentWinner","line":166,"loc":{"start":{"line":166,"column":4},"end":{"line":168,"column":4}}},"11":{"name":"getPlayer","line":170,"loc":{"start":{"line":170,"column":4},"end":{"line":172,"column":4}}},"12":{"name":"getLastTimeStamp","line":174,"loc":{"start":{"line":174,"column":4},"end":{"line":176,"column":4}}},"13":{"name":"getInterval","line":178,"loc":{"start":{"line":178,"column":4},"end":{"line":180,"column":4}}},"14":{"name":"getEntranceFee","line":182,"loc":{"start":{"line":182,"column":4},"end":{"line":184,"column":4}}},"15":{"name":"getNumberOfPlayers","line":186,"loc":{"start":{"line":186,"column":4},"end":{"line":188,"column":4}}}},"statementMap":{"1":{"start":{"line":65,"column":8},"end":{"line":65,"column":2288}},"2":{"start":{"line":68,"column":8},"end":{"line":68,"column":2391}},"3":{"start":{"line":71,"column":8},"end":{"line":71,"column":42}},"4":{"start":{"line":72,"column":8},"end":{"line":72,"column":36}},"5":{"start":{"line":78,"column":8},"end":{"line":78,"column":55}},"6":{"start":{"line":79,"column":8},"end":{"line":79,"column":76}},"7":{"start":{"line":80,"column":8},"end":{"line":80,"column":46}},"8":{"start":{"line":81,"column":8},"end":{"line":81,"column":51}},"9":{"start":{"line":83,"column":8},"end":{"line":83,"column":36}},"10":{"start":{"line":87,"column":8},"end":{"line":87,"column":47}},"11":{"start":{"line":88,"column":8},"end":{"line":88,"column":66}},"12":{"start":{"line":89,"column":8},"end":{"line":89,"column":3285}},"13":{"start":{"line":98,"column":8},"end":{"line":98,"column":3546}},"14":{"start":{"line":111,"column":8},"end":{"line":111,"column":33}},"15":{"start":{"line":117,"column":8},"end":{"line":117,"column":45}},"16":{"start":{"line":124,"column":8},"end":{"line":124,"column":66}},"17":{"start":{"line":127,"column":8},"end":{"line":127,"column":55}},"18":{"start":{"line":133,"column":8},"end":{"line":133,"column":66}},"19":{"start":{"line":134,"column":8},"end":{"line":134,"column":61}},"20":{"start":{"line":135,"column":8},"end":{"line":135,"column":71}},"21":{"start":{"line":139,"column":8},"end":{"line":139,"column":5123}},"22":{"start":{"line":142,"column":8},"end":{"line":142,"column":5260}},"23":{"start":{"line":149,"column":8},"end":{"line":149,"column":71}},"24":{"start":{"line":151,"column":8},"end":{"line":151,"column":5624}},"25":{"start":{"line":154,"column":8},"end":{"line":154,"column":33}},"26":{"start":{"line":158,"column":8},"end":{"line":158,"column":28}},"27":{"start":{"line":163,"column":8},"end":{"line":163,"column":36}},"28":{"start":{"line":167,"column":8},"end":{"line":167,"column":29}},"29":{"start":{"line":171,"column":8},"end":{"line":171,"column":31}},"30":{"start":{"line":175,"column":8},"end":{"line":175,"column":30}},"31":{"start":{"line":179,"column":8},"end":{"line":179,"column":25}},"32":{"start":{"line":183,"column":8},"end":{"line":183,"column":28}},"33":{"start":{"line":187,"column":8},"end":{"line":187,"column":31}}},"branchMap":{"1":{"line":65,"type":"if","locations":[{"start":{"line":65,"column":8},"end":{"line":65,"column":8}},{"start":{"line":65,"column":8},"end":{"line":65,"column":8}}]},"2":{"line":68,"type":"if","locations":[{"start":{"line":68,"column":8},"end":{"line":68,"column":8}},{"start":{"line":68,"column":8},"end":{"line":68,"column":8}}]},"3":{"line":89,"type":"if","locations":[{"start":{"line":89,"column":8},"end":{"line":89,"column":8}},{"start":{"line":89,"column":8},"end":{"line":89,"column":8}}]},"4":{"line":124,"type":"if","locations":[{"start":{"line":124,"column":8},"end":{"line":124,"column":8}},{"start":{"line":124,"column":8},"end":{"line":124,"column":8}}]},"5":{"line":133,"type":"if","locations":[{"start":{"line":133,"column":8},"end":{"line":133,"column":8}},{"start":{"line":133,"column":8},"end":{"line":133,"column":8}}]},"6":{"line":139,"type":"if","locations":[{"start":{"line":139,"column":8},"end":{"line":139,"column":8}},{"start":{"line":139,"column":8},"end":{"line":139,"column":8}}]},"7":{"line":139,"type":"cond-expr","locations":[{"start":{"line":139,"column":12},"end":{"line":139,"column":29}},{"start":{"line":139,"column":34},"end":{"line":139,"column":69}}]},"8":{"line":151,"type":"if","locations":[{"start":{"line":151,"column":8},"end":{"line":151,"column":8}},{"start":{"line":151,"column":8},"end":{"line":151,"column":8}}]}}},
"contracts/test/VRFCoordinatorV2_5Mock.sol":{"l":{},"path":"/home/dev_sadisatsowala/Web3.0-Patrick/hardhat-lottery/contracts/test/VRFCoordinatorV2_5Mock.sol","s":{},"b":{},"f":{},"fnMap":{},"statementMap":{},"branchMap":{}}}
