{
"contracts/Raffle.sol":{"l":{"57":3,"58":3,"59":3,"60":3,"61":3,"65":5,"66":1,"68":4,"69":1,"71":3,"72":3,"78":1,"79":1,"80":1,"81":1,"82":1,"83":1,"87":1,"88":1,"89":0,"95":1,"97":1,"109":1,"110":1,"111":1,"116":1,"123":0,"124":0,"125":0,"126":0,"132":0,"133":0,"134":0,"138":0,"139":0,"141":0,"144":0,"145":0,"146":0,"147":0,"148":0,"150":0,"151":0,"153":0,"157":1,"162":0,"166":0,"170":1,"174":0,"178":5,"182":5,"186":0},"path":"/home/dev_sadisatsowala/Web3.0-Patrick/hardhat-lottery/contracts/Raffle.sol","s":{"1":5,"2":4,"3":3,"4":3,"5":1,"6":1,"7":1,"8":1,"9":1,"10":1,"11":1,"12":1,"13":1,"14":1,"15":0,"16":0,"17":0,"18":0,"19":0,"20":0,"21":0,"22":0,"23":0,"24":0,"25":1,"26":0,"27":0,"28":1,"29":0,"30":5,"31":5,"32":0},"b":{"1":[1,4],"2":[1,3],"3":[0,1],"4":[0,0],"5":[0,0],"6":[0,0],"7":[0,0],"8":[0,0]},"f":{"1":3,"2":5,"3":1,"4":1,"5":0,"6":0,"7":0,"8":1,"9":0,"10":0,"11":1,"12":0,"13":5,"14":5,"15":0},"fnMap":{"1":{"name":"constructor","line":56,"loc":{"start":{"line":51,"column":4},"end":{"line":62,"column":4}}},"2":{"name":"enterRaffle","line":64,"loc":{"start":{"line":64,"column":4},"end":{"line":73,"column":4}}},"3":{"name":"checkUpkeep","line":75,"loc":{"start":{"line":75,"column":4},"end":{"line":84,"column":4}}},"4":{"name":"performUpkeep","line":86,"loc":{"start":{"line":86,"column":4},"end":{"line":117,"column":4}}},"5":{"name":"fulfillRandomWords","line":119,"loc":{"start":{"line":119,"column":4},"end":{"line":127,"column":4}}},"6":{"name":"getRequestStatus","line":129,"loc":{"start":{"line":129,"column":4},"end":{"line":135,"column":4}}},"7":{"name":"payLatestWinner","line":137,"loc":{"start":{"line":137,"column":4},"end":{"line":154,"column":4}}},"8":{"name":"getRaffleState","line":156,"loc":{"start":{"line":156,"column":4},"end":{"line":158,"column":4}}},"9":{"name":"getRequestConfirmations","line":161,"loc":{"start":{"line":161,"column":4},"end":{"line":163,"column":4}}},"10":{"name":"getRecentWinner","line":165,"loc":{"start":{"line":165,"column":4},"end":{"line":167,"column":4}}},"11":{"name":"getPlayer","line":169,"loc":{"start":{"line":169,"column":4},"end":{"line":171,"column":4}}},"12":{"name":"getLastTimeStamp","line":173,"loc":{"start":{"line":173,"column":4},"end":{"line":175,"column":4}}},"13":{"name":"getInterval","line":177,"loc":{"start":{"line":177,"column":4},"end":{"line":179,"column":4}}},"14":{"name":"getEntranceFee","line":181,"loc":{"start":{"line":181,"column":4},"end":{"line":183,"column":4}}},"15":{"name":"getNumberOfPlayers","line":185,"loc":{"start":{"line":185,"column":4},"end":{"line":187,"column":4}}}},"statementMap":{"1":{"start":{"line":65,"column":8},"end":{"line":65,"column":2288}},"2":{"start":{"line":68,"column":8},"end":{"line":68,"column":2391}},"3":{"start":{"line":71,"column":8},"end":{"line":71,"column":42}},"4":{"start":{"line":72,"column":8},"end":{"line":72,"column":36}},"5":{"start":{"line":78,"column":8},"end":{"line":78,"column":55}},"6":{"start":{"line":79,"column":8},"end":{"line":79,"column":76}},"7":{"start":{"line":80,"column":8},"end":{"line":80,"column":46}},"8":{"start":{"line":81,"column":8},"end":{"line":81,"column":51}},"9":{"start":{"line":83,"column":8},"end":{"line":83,"column":36}},"10":{"start":{"line":87,"column":8},"end":{"line":87,"column":47}},"11":{"start":{"line":88,"column":8},"end":{"line":88,"column":3223}},"12":{"start":{"line":97,"column":8},"end":{"line":97,"column":3484}},"13":{"start":{"line":110,"column":8},"end":{"line":110,"column":33}},"14":{"start":{"line":116,"column":8},"end":{"line":116,"column":45}},"15":{"start":{"line":123,"column":8},"end":{"line":123,"column":66}},"16":{"start":{"line":126,"column":8},"end":{"line":126,"column":55}},"17":{"start":{"line":132,"column":8},"end":{"line":132,"column":66}},"18":{"start":{"line":133,"column":8},"end":{"line":133,"column":61}},"19":{"start":{"line":134,"column":8},"end":{"line":134,"column":55}},"20":{"start":{"line":138,"column":8},"end":{"line":138,"column":5017}},"21":{"start":{"line":141,"column":8},"end":{"line":141,"column":5154}},"22":{"start":{"line":148,"column":8},"end":{"line":148,"column":71}},"23":{"start":{"line":150,"column":8},"end":{"line":150,"column":5518}},"24":{"start":{"line":153,"column":8},"end":{"line":153,"column":33}},"25":{"start":{"line":157,"column":8},"end":{"line":157,"column":28}},"26":{"start":{"line":162,"column":8},"end":{"line":162,"column":36}},"27":{"start":{"line":166,"column":8},"end":{"line":166,"column":29}},"28":{"start":{"line":170,"column":8},"end":{"line":170,"column":31}},"29":{"start":{"line":174,"column":8},"end":{"line":174,"column":30}},"30":{"start":{"line":178,"column":8},"end":{"line":178,"column":25}},"31":{"start":{"line":182,"column":8},"end":{"line":182,"column":28}},"32":{"start":{"line":186,"column":8},"end":{"line":186,"column":31}}},"branchMap":{"1":{"line":65,"type":"if","locations":[{"start":{"line":65,"column":8},"end":{"line":65,"column":8}},{"start":{"line":65,"column":8},"end":{"line":65,"column":8}}]},"2":{"line":68,"type":"if","locations":[{"start":{"line":68,"column":8},"end":{"line":68,"column":8}},{"start":{"line":68,"column":8},"end":{"line":68,"column":8}}]},"3":{"line":88,"type":"if","locations":[{"start":{"line":88,"column":8},"end":{"line":88,"column":8}},{"start":{"line":88,"column":8},"end":{"line":88,"column":8}}]},"4":{"line":123,"type":"if","locations":[{"start":{"line":123,"column":8},"end":{"line":123,"column":8}},{"start":{"line":123,"column":8},"end":{"line":123,"column":8}}]},"5":{"line":132,"type":"if","locations":[{"start":{"line":132,"column":8},"end":{"line":132,"column":8}},{"start":{"line":132,"column":8},"end":{"line":132,"column":8}}]},"6":{"line":138,"type":"if","locations":[{"start":{"line":138,"column":8},"end":{"line":138,"column":8}},{"start":{"line":138,"column":8},"end":{"line":138,"column":8}}]},"7":{"line":138,"type":"cond-expr","locations":[{"start":{"line":138,"column":12},"end":{"line":138,"column":29}},{"start":{"line":138,"column":34},"end":{"line":138,"column":69}}]},"8":{"line":150,"type":"if","locations":[{"start":{"line":150,"column":8},"end":{"line":150,"column":8}},{"start":{"line":150,"column":8},"end":{"line":150,"column":8}}]}}},
"contracts/test/VRFCoordinatorV2_5Mock.sol":{"l":{},"path":"/home/dev_sadisatsowala/Web3.0-Patrick/hardhat-lottery/contracts/test/VRFCoordinatorV2_5Mock.sol","s":{},"b":{},"f":{},"fnMap":{},"statementMap":{},"branchMap":{}}}
