TN:
SF:/home/dev_sadisatsowala/Web3.0-Patrick/hardhat-lottery/contracts/Raffle.sol
FN:56,constructor
FN:64,enterRaffle
FN:75,checkUpkeep
FN:86,performUpkeep
FN:119,fulfillRandomWords
FN:129,getRequestStatus
FN:137,payLatestWinner
FN:156,getRaffleState
FN:161,getRequestConfirmations
FN:165,getRecentWinner
FN:169,getPlayer
FN:173,getLastTimeStamp
FN:177,getInterval
FN:181,getEntranceFee
FN:185,getNumberOfPlayers
FNF:15
FNH:8
FNDA:3,constructor
FNDA:5,enterRaffle
FNDA:1,checkUpkeep
FNDA:1,performUpkeep
FNDA:0,fulfillRandomWords
FNDA:0,getRequestStatus
FNDA:0,payLatestWinner
FNDA:1,getRaffleState
FNDA:0,getRequestConfirmations
FNDA:0,getRecentWinner
FNDA:1,getPlayer
FNDA:0,getLastTimeStamp
FNDA:5,getInterval
FNDA:5,getEntranceFee
FNDA:0,getNumberOfPlayers
DA:57,3
DA:58,3
DA:59,3
DA:60,3
DA:61,3
DA:65,5
DA:66,1
DA:68,4
DA:69,1
DA:71,3
DA:72,3
DA:78,1
DA:79,1
DA:80,1
DA:81,1
DA:82,1
DA:83,1
DA:87,1
DA:88,1
DA:89,0
DA:95,1
DA:97,1
DA:109,1
DA:110,1
DA:111,1
DA:116,1
DA:123,0
DA:124,0
DA:125,0
DA:126,0
DA:132,0
DA:133,0
DA:134,0
DA:138,0
DA:139,0
DA:141,0
DA:144,0
DA:145,0
DA:146,0
DA:147,0
DA:148,0
DA:150,0
DA:151,0
DA:153,0
DA:157,1
DA:162,0
DA:166,0
DA:170,1
DA:174,0
DA:178,5
DA:182,5
DA:186,0
LF:52
LH:29
BRDA:65,1,0,1
BRDA:65,1,1,4
BRDA:68,2,0,1
BRDA:68,2,1,3
BRDA:88,3,0,0
BRDA:88,3,1,1
BRDA:123,4,0,0
BRDA:123,4,1,0
BRDA:132,5,0,0
BRDA:132,5,1,0
BRDA:138,6,0,0
BRDA:138,6,1,0
BRDA:138,7,0,0
BRDA:138,7,1,0
BRDA:150,8,0,0
BRDA:150,8,1,0
BRF:16
BRH:5
end_of_record
TN:
SF:/home/dev_sadisatsowala/Web3.0-Patrick/hardhat-lottery/contracts/test/VRFCoordinatorV2_5Mock.sol
FNF:0
FNH:0
LF:0
LH:0
BRF:0
BRH:0
end_of_record
