TN:
SF:/home/dev_sadisatsowala/Web3.0-Patrick/hardhat-lottery/contracts/Raffle.sol
FN:56,constructor
FN:64,enterRaffle
FN:75,checkUpkeep
FN:86,performUpkeep
FN:120,fulfillRandomWords
FN:130,getRequestStatus
FN:138,payLatestWinner
FN:157,getRaffleState
FN:162,getRequestConfirmations
FN:166,getRecentWinner
FN:170,getPlayer
FN:174,getLastTimeStamp
FN:178,getInterval
FN:182,getEntranceFee
FN:186,getNumberOfPlayers
FNF:15
FNH:10
FNDA:3,constructor
FNDA:15,enterRaffle
FNDA:14,checkUpkeep
FNDA:10,performUpkeep
FNDA:2,fulfillRandomWords
FNDA:5,getRequestStatus
FNDA:0,payLatestWinner
FNDA:3,getRaffleState
FNDA:0,getRequestConfirmations
FNDA:0,getRecentWinner
FNDA:1,getPlayer
FNDA:0,getLastTimeStamp
FNDA:17,getInterval
FNDA:17,getEntranceFee
FNDA:0,getNumberOfPlayers
DA:57,3
DA:58,3
DA:59,3
DA:60,3
DA:61,3
DA:65,15
DA:66,1
DA:68,14
DA:69,1
DA:71,13
DA:72,13
DA:78,14
DA:79,14
DA:80,14
DA:81,14
DA:82,14
DA:83,14
DA:87,10
DA:88,10
DA:89,10
DA:90,1
DA:96,9
DA:98,9
DA:110,9
DA:111,9
DA:112,9
DA:117,9
DA:124,2
DA:125,2
DA:126,2
DA:127,2
DA:133,5
DA:134,3
DA:135,3
DA:139,0
DA:140,0
DA:142,0
DA:145,0
DA:146,0
DA:147,0
DA:148,0
DA:149,0
DA:151,0
DA:152,0
DA:154,0
DA:158,3
DA:163,0
DA:167,0
DA:171,1
DA:175,0
DA:179,17
DA:183,17
DA:187,0
LF:53
LH:38
BRDA:65,1,0,1
BRDA:65,1,1,14
BRDA:68,2,0,1
BRDA:68,2,1,13
BRDA:89,3,0,1
BRDA:89,3,1,9
BRDA:124,4,0,2
BRDA:124,4,1,0
BRDA:133,5,0,3
BRDA:133,5,1,2
BRDA:139,6,0,0
BRDA:139,6,1,0
BRDA:139,7,0,0
BRDA:139,7,1,0
BRDA:151,8,0,0
BRDA:151,8,1,0
BRF:16
BRH:9
end_of_record
TN:
SF:/home/dev_sadisatsowala/Web3.0-Patrick/hardhat-lottery/contracts/test/VRFCoordinatorV2_5Mock.sol
FNF:0
FNH:0
LF:0
LH:0
BRF:0
BRH:0
end_of_record
